Creating new session: nthg
Creating new session: nthg
Quinixa
Creating new session: nthg
Kalorix
Creating new session: nthg-portmanteau
Ωmnixar
Creating new session: nthg-aphr
Creating new session: nthg-mtt
Creating new session: nthg-dual
Creating new session: nthg-acronym
Creating new session: nthg-triple
Θrenody Necrose
Creating new session: nthg-allit
Creating new session: nthg
Creating new session: nthg-triple
Creating new session: nthg-aphr
Creating new session: nthg-dual
**Abstract Short Phrase**:
Creating new session: nthg-X
Creating new session: nthg-dual
Raven-Whim
Yore-Dusk
Creating new session: nthg
Creating new session: nthg-X
Hekros
Creating new session: one
Creating new session: one
Creating new session: one
Xerovit
Creating new session: dual
Sakuraburi
Zhokuburi
Zha-Korv
Creating new session: motto
**Motto**:
Creating new session: port
Creating new session: allit
Creating new session: one
Creating new session: dual
Zha'thik-Lumina
Dynamos
Creating new session: port
Creating new session: tri
Kryptea
Creating new session: dual
Duskwhisper-Astrum
Creating new session: one
Gelobor-Vrykolakas-Oniromancy
Quagmire-Spectra
Psikor
Wazahel
Aerwulf
Creating new session: one
Thalni
Lilqal
Kakura
Yeikos
Sugkos
Suirakosmos
Creating new session: dual
Creating new session: one
Ooritsuka
Ythriktor
Tsurukha
Yeleskralina
Creating new session: one
Tsukinokurokinesis
Creating new session: one
Gorgonox
Creating new session: one
Creating new session: dual
Psykri
Creating new session: port
Creating new session: one
Omolvora
Tykorphixys
Error: Fabric command failed
Creating new session: one
Awakheiros
Creating new session: one
Shinrak
Creating new session: one
Error: Fabric command failed
Error: Fabric command failed
Error: Fabric command failed
Error: Fabric command failed
Error: Fabric command failed
Error: Fabric command failed
Creating new session: one
Älgorb
Creating new session: one
Creating new session: one
Creating new session: one
Creating new session: one
Schiatosis
Gyokusuyōg
Creating new session: one
Oblivionnexus
Creating new session: one
Khakh
Creating new session: one
Creating new session: one
Psykän
Creating new session: one
Rikorc
Creating new session: one
Uralö
Creating new session: dual
ÖtharicP
Zyraf
Öyurnaz
Mekitsugan
Waergnix
Typhelium
Phalvora
Yūkinko
Zhalmoriya
Chitsukaze
Kiretsu
Aethonix
Tsukigakure
Akatomni
Jyūchishin
Yuretama
Gekirakae
Shuchukai
Yūzukushi
Jäärämlus
Gyokujinmizu
Zhymokoro
Onryoikari
Ikayashiki
Bakuon
Katabolix
Zekuboru
Ryokorifu
Ökageishin
Ypsiphysis
Zyokuryū
Kitsutsu
Yukimurasaka
Darkspecter
Ponokami
Awakimura
Hanakuchizukushi
Vakuwaishi
Qetsukarou
Kairoschizo
Khymekyuroshi
Tsuygaky
Tenebryu
Khaikugaku
Ryūrekūra
Error: Fabric command failed
Katsurigeta
Gyokkagura
Yeikoyon
Waibunka
Urabakure
Zhaerakshii
Kahawashi
Ethorhix
Rikujikai
Ichiryoku
Volkairoku
Creating new session: tri
Yuksirix
Khatsugan
Shyokagya
Yarikagami
Shcherikai
Tairyokushi
Hüntoï
Ökkyōrō
Waxirixi
Ünkwää
Chirakaiyah
Ukagishimori
Mortalcè
Chanslav
Khaigans
Omnytsyg
Morvathyr
Kazeorihatsu
Creating new session: motto
**Riftus Infinitus Perditus**
Creating new session: asphrase
**Zoharix Ossa Veritas**
Khraethor
Zhilakka
Tsukumtsu
Mnemos
Wakhyoku
Sanhira
Lacraxa
Gukhora
Yaphoria
Äduru
Jabria
Nyxoria
Über-Flex
Error: Fabric command failed
Tyrix
Rymion
Creating new session: dual
Oe-Dusk
Ymoxia
